2023-12-13 12:25:27 +0000  Initial pipeline context: <IDEDistributionProcessingPipelineContext: 0x2d177e930; archive(resolved)="<IDEArchive: 0x60001ab6bf00>", distributionTask(resolved)="2", distributionDestination(resolved)="1", distributionMethod(resolved)="<IDEDistributionMethodDevelopmentSigned: 0x60000ccacfa0>", team(resolved)="<IDEProvisioningDisambiguatableBasicTeam: 0x600005be0a00; teamID='V2KVDPDMA9', teamName='Kilowatts.io Limited', teamType='Company', username='ben@kilowatts.io', isFreeProvisioningTeam='0'>">
	Chain (15, self inclusive):
	<IDEDistributionProcessingPipelineContext: 0x2d177e930; archive = "<IDEArchive: 0x60001ab6bf00>", distributionMethod="<IDEDistributionMethodDevelopmentSigned: 0x60000ccacfa0>", team="<IDEProvisioningDisambiguatableBasicTeam: 0x600005be0a00; teamID='V2KVDPDMA9', teamName='Kilowatts.io Limited', teamType='Company', username='ben@kilowatts.io', isFreeProvisioningTeam='0'>">
	<IDEDistributionProcessingPipelineContext: 0x2d1775db0; archive = "<IDEArchive: 0x60001ab6bf00>", distributionMethod="<IDEDistributionMethodDevelopmentSigned: 0x60000ccacfa0>", team="<IDEProvisioningDisambiguatableBasicTeam: 0x600005be0a00; teamID='V2KVDPDMA9', teamName='Kilowatts.io Limited', teamType='Company', username='ben@kilowatts.io', isFreeProvisioningTeam='0'>">
	<IDEDistributionContext: 0x2cf649ee0; archive = "<IDEArchive: 0x60001ab6bf00>", distributionMethod="<IDEDistributionMethodDevelopmentSigned: 0x60000ccacfa0>", team="<IDEProvisioningDisambiguatableBasicTeam: 0x600005be0a00; teamID='V2KVDPDMA9', teamName='Kilowatts.io Limited', teamType='Company', username='ben@kilowatts.io', isFreeProvisioningTeam='0'>">
	<IDEDistributionContext: 0x2cb914270; archive = "<IDEArchive: 0x60001ab6bf00>", distributionMethod="<IDEDistributionMethodDevelopmentSigned: 0x60000ccacfa0>", team="<IDEProvisioningDisambiguatableBasicTeam: 0x600005be0a00; teamID='V2KVDPDMA9', teamName='Kilowatts.io Limited', teamType='Company', username='ben@kilowatts.io', isFreeProvisioningTeam='0'>">
	<IDEDistributionContext: 0x2d17897a0; archive = "<IDEArchive: 0x60001ab6bf00>", distributionMethod="<IDEDistributionMethodDevelopmentSigned: 0x60000ccacfa0>", team="<IDEProvisioningDisambiguatableBasicTeam: 0x600005be0a00; teamID='V2KVDPDMA9', teamName='Kilowatts.io Limited', teamType='Company', username='ben@kilowatts.io', isFreeProvisioningTeam='0'>">
	<IDEDistributionContext: 0x2d17760e0; archive = "<IDEArchive: 0x60001ab6bf00>", distributionMethod="<IDEDistributionMethodDevelopmentSigned: 0x60000ccacfa0>", team="<IDEProvisioningDisambiguatableBasicTeam: 0x600005be0a00; teamID='V2KVDPDMA9', teamName='Kilowatts.io Limited', teamType='Company', username='ben@kilowatts.io', isFreeProvisioningTeam='0'>">
	<IDEDistributionContext: 0x2cb6e8fc0; archive = "<IDEArchive: 0x60001ab6bf00>", distributionMethod="<IDEDistributionMethodDevelopmentSigned: 0x60000ccacfa0>", team="<IDEProvisioningDisambiguatableBasicTeam: 0x600005be0a00; teamID='V2KVDPDMA9', teamName='Kilowatts.io Limited', teamType='Company', username='ben@kilowatts.io', isFreeProvisioningTeam='0'>">
	<IDEDistributionContext: 0x2cb6e8d90; archive = "<IDEArchive: 0x60001ab6bf00>", distributionMethod="<IDEDistributionMethodDevelopmentSigned: 0x60000ccacfa0>", team="<IDEProvisioningDisambiguatableBasicTeam: 0x600005be0a00; teamID='V2KVDPDMA9', teamName='Kilowatts.io Limited', teamType='Company', username='ben@kilowatts.io', isFreeProvisioningTeam='0'>">
	<IDEDistributionContext: 0x2cf5dc660; archive = "<IDEArchive: 0x60001ab6bf00>", distributionMethod="<IDEDistributionMethodDevelopmentSigned: 0x60000ccacfa0>", team="<IDEProvisioningDisambiguatableBasicTeam: 0x600005be0a00; teamID='V2KVDPDMA9', teamName='Kilowatts.io Limited', teamType='Company', username='ben@kilowatts.io', isFreeProvisioningTeam='0'>">
	<IDEDistributionContext: 0x2cf61d840; archive = "<IDEArchive: 0x60001ab6bf00>", distributionMethod="<IDEDistributionMethodDevelopmentSigned: 0x60000ccacfa0>", team="(null)">
	<IDEDistributionContext: 0x2cb6e7e70; archive = "<IDEArchive: 0x60001ab6bf00>", distributionMethod="<IDEDistributionMethodDevelopmentSigned: 0x60000ccacfa0>", team="(null)">
	<IDEDistributionContext: 0x2cb6e7750; archive = "<IDEArchive: 0x60001ab6bf00>", distributionMethod="<IDEDistributionMethodDevelopmentSigned: 0x60000ccacfa0>", team="(null)">
	<IDEDistributionContext: 0x2cb6e8b60; archive = "<IDEArchive: 0x60001ab6bf00>", distributionMethod="<IDEDistributionMethodDevelopmentSigned: 0x60000ccacfa0>", team="(null)">
	<IDEDistributionContext: 0x2cf6190a0; archive = "<IDEArchive: 0x60001ab6bf00>", distributionMethod="(null)", team="(null)">
	<IDEDistributionContext: 0x29c3d0ee0; archive = "<IDEArchive: 0x60001ab6bf00>", distributionMethod="(null)", team="(null)">
</IDEDistributionProcessingPipelineContext: 0x2d177e930>
2023-12-13 12:25:27 +0000  Processing step: IDEDistributionCreateDestRootStep
2023-12-13 12:25:27 +0000  Processing step: IDEDistributionCopyItemStep
2023-12-13 12:25:27 +0000  Running /usr/bin/ditto '-V' '/Users/ben/Library/Developer/Xcode/Archives/2023-12-13/edfcrypto 13-12-2023, 12.25.xcarchive/Products/Applications/edfcrypto.app' '/var/folders/f5/pbrdnttd0fn_xhsrms3qx4mr0000gn/T/XcodeDistPipeline.~~~MAPVDL/Root/Payload/edfcrypto.app'
2023-12-13 12:25:28 +0000  >>> Copying /Users/ben/Library/Developer/Xcode/Archives/2023-12-13/edfcrypto 13-12-2023, 12.25.xcarchive/Products/Applications/edfcrypto.app 
2023-12-13 12:25:28 +0000  copying file ./_CodeSignature/CodeResources ... 
2023-12-13 12:25:28 +0000  16918 bytes for ./_CodeSignature/CodeResources
2023-12-13 12:25:28 +0000  copying file ./SplashScreen.storyboardc/EXPO-VIEWCONTROLLER-1-view-EXPO-ContainerView.nib ... 
2023-12-13 12:25:28 +0000  2411 bytes for ./SplashScreen.storyboardc/EXPO-VIEWCONTROLLER-1-view-EXPO-ContainerView.nib
2023-12-13 12:25:28 +0000  copying file ./SplashScreen.storyboardc/SplashScreenViewController.nib ... 
2023-12-13 12:25:28 +0000  1004 bytes for ./SplashScreen.storyboardc/SplashScreenViewController.nib
2023-12-13 12:25:28 +0000  copying file ./SplashScreen.storyboardc/Info.plist ... 
2023-12-13 12:25:28 +0000  225 bytes for ./SplashScreen.storyboardc/Info.plist
2023-12-13 12:25:28 +0000  copying file ./AppIcon60x60@2x.png ... 
2023-12-13 12:25:28 +0000  5995 bytes for ./AppIcon60x60@2x.png
2023-12-13 12:25:28 +0000  copying file ./AccessibilityResources.bundle/en.lproj/Localizable.strings ... 
2023-12-13 12:25:28 +0000  518 bytes for ./AccessibilityResources.bundle/en.lproj/Localizable.strings
2023-12-13 12:25:28 +0000  copying file ./AccessibilityResources.bundle/Info.plist ... 
2023-12-13 12:25:28 +0000  794 bytes for ./AccessibilityResources.bundle/Info.plist
2023-12-13 12:25:28 +0000  copying file ./Assets.car ... 
2023-12-13 12:25:28 +0000  167119 bytes for ./Assets.car
2023-12-13 12:25:28 +0000  copying file ./AppIcon76x76@2x~ipad.png ... 
2023-12-13 12:25:28 +0000  8073 bytes for ./AppIcon76x76@2x~ipad.png
2023-12-13 12:25:28 +0000  copying file ./main.jsbundle ... 
2023-12-13 12:25:28 +0000  3769406 bytes for ./main.jsbundle
2023-12-13 12:25:28 +0000  copying file ./EXConstants.bundle/app.config ... 
2023-12-13 12:25:28 +0000  735 bytes for ./EXConstants.bundle/app.config
copying file ./EXConstants.bundle/Info.plist ... 
2023-12-13 12:25:28 +0000  770 bytes for ./EXConstants.bundle/Info.plist
2023-12-13 12:25:28 +0000  copying file ./edfcrypto ... 
2023-12-13 12:25:28 +0000  4738704 bytes for ./edfcrypto
2023-12-13 12:25:28 +0000  copying file ./Frameworks/libswift_Concurrency.dylib ... 
2023-12-13 12:25:28 +0000  557584 bytes for ./Frameworks/libswift_Concurrency.dylib
copying file ./embedded.mobileprovision ... 
2023-12-13 12:25:28 +0000  13163 bytes for ./embedded.mobileprovision
2023-12-13 12:25:28 +0000  copying file ./assets/node_modules/react-native-ratings/dist/images/bell.png ... 
2023-12-13 12:25:28 +0000  2989 bytes for ./assets/node_modules/react-native-ratings/dist/images/bell.png
2023-12-13 12:25:28 +0000  copying file ./assets/node_modules/react-native-ratings/dist/images/airbnb-star-selected.png ... 
2023-12-13 12:25:28 +0000  934 bytes for ./assets/node_modules/react-native-ratings/dist/images/airbnb-star-selected.png
2023-12-13 12:25:28 +0000  copying file ./assets/node_modules/react-native-ratings/dist/images/heart.png ... 
2023-12-13 12:25:28 +0000  1928 bytes for ./assets/node_modules/react-native-ratings/dist/images/heart.png
2023-12-13 12:25:28 +0000  copying file ./assets/node_modules/react-native-ratings/dist/images/airbnb-star.png ... 
2023-12-13 12:25:28 +0000  930 bytes for ./assets/node_modules/react-native-ratings/dist/images/airbnb-star.png
2023-12-13 12:25:28 +0000  copying file ./assets/node_modules/react-native-ratings/dist/images/rocket.png ... 
2023-12-13 12:25:28 +0000  4050 bytes for ./assets/node_modules/react-native-ratings/dist/images/rocket.png
2023-12-13 12:25:28 +0000  copying file ./assets/node_modules/react-native-ratings/dist/images/star.png ... 
2023-12-13 12:25:28 +0000  1961 bytes for ./assets/node_modules/react-native-ratings/dist/images/star.png
2023-12-13 12:25:28 +0000  copying file ./assets/node_modules/@react-navigation/elements/src/assets/back-icon@3x.png ... 
2023-12-13 12:25:28 +0000  761 bytes for ./assets/node_modules/@react-navigation/elements/src/assets/back-icon@3x.png
2023-12-13 12:25:28 +0000  copying file ./assets/node_modules/@react-navigation/elements/src/assets/back-icon@2x.png ... 
2023-12-13 12:25:28 +0000  405 bytes for ./assets/node_modules/@react-navigation/elements/src/assets/back-icon@2x.png
2023-12-13 12:25:28 +0000  copying file ./assets/node_modules/@react-navigation/elements/src/assets/back-icon.png ... 
2023-12-13 12:25:28 +0000  290 bytes for ./assets/node_modules/@react-navigation/elements/src/assets/back-icon.png
2023-12-13 12:25:28 +0000  copying file ./assets/node_modules/@react-navigation/elements/src/assets/back-icon-mask.png ... 
2023-12-13 12:25:28 +0000  913 bytes for ./assets/node_modules/@react-navigation/elements/src/assets/back-icon-mask.png
2023-12-13 12:25:28 +0000  copying file ./assets/node_modules/@expo/metro-runtime/assets/loader.png ... 
2023-12-13 12:25:28 +0000  282 bytes for ./assets/node_modules/@expo/metro-runtime/assets/loader.png
2023-12-13 12:25:28 +0000  copying file ./assets/node_modules/@expo/metro-runtime/assets/alert-triangle.png ... 
2023-12-13 12:25:28 +0000  609 bytes for ./assets/node_modules/@expo/metro-runtime/assets/alert-triangle.png
2023-12-13 12:25:28 +0000  copying file ./assets/node_modules/@expo/vector-icons/build/vendor/react-native-vector-icons/Fonts/Fontisto.ttf ... 
2023-12-13 12:25:28 +0000  313528 bytes for ./assets/node_modules/@expo/vector-icons/build/vendor/react-native-vector-icons/Fonts/Fontisto.ttf
2023-12-13 12:25:28 +0000  copying file ./assets/node_modules/@expo/vector-icons/build/vendor/react-native-vector-icons/Fonts/Octicons.ttf ... 
2023-12-13 12:25:28 +0000  49404 bytes for ./assets/node_modules/@expo/vector-icons/build/vendor/react-native-vector-icons/Fonts/Octicons.ttf
2023-12-13 12:25:28 +0000  copying file ./assets/node_modules/@expo/vector-icons/build/vendor/react-native-vector-icons/Fonts/Feather.ttf ... 
2023-12-13 12:25:28 +0000  56228 bytes for ./assets/node_modules/@expo/vector-icons/build/vendor/react-native-vector-icons/Fonts/Feather.ttf
2023-12-13 12:25:28 +0000  copying file ./assets/node_modules/@expo/vector-icons/build/vendor/react-native-vector-icons/Fonts/Entypo.ttf ... 
2023-12-13 12:25:28 +0000  66200 bytes for ./assets/node_modules/@expo/vector-icons/build/vendor/react-native-vector-icons/Fonts/Entypo.ttf
2023-12-13 12:25:28 +0000  copying file ./assets/node_modules/@expo/vector-icons/build/vendor/react-native-vector-icons/Fonts/FontAwesome5_Brands.ttf ... 
2023-12-13 12:25:28 +0000  134040 bytes for ./assets/node_modules/@expo/vector-icons/build/vendor/react-native-vector-icons/Fonts/FontAwesome5_Brands.ttf
2023-12-13 12:25:28 +0000  copying file ./assets/node_modules/@expo/vector-icons/build/vendor/react-native-vector-icons/Fonts/MaterialCommunityIcons.ttf ... 
2023-12-13 12:25:28 +0000  1147844 bytes for ./assets/node_modules/@expo/vector-icons/build/vendor/react-native-vector-icons/Fonts/MaterialCommunityIcons.ttf
2023-12-13 12:25:28 +0000  copying file ./assets/node_modules/@expo/vector-icons/build/vendor/react-native-vector-icons/Fonts/AntDesign.ttf ... 
2023-12-13 12:25:28 +0000  70344 bytes for ./assets/node_modules/@expo/vector-icons/build/vendor/react-native-vector-icons/Fonts/AntDesign.ttf
2023-12-13 12:25:28 +0000  copying file ./assets/node_modules/@expo/vector-icons/build/vendor/react-native-vector-icons/Fonts/Foundation.ttf ... 
2023-12-13 12:25:28 +0000  56976 bytes for ./assets/node_modules/@expo/vector-icons/build/vendor/react-native-vector-icons/Fonts/Foundation.ttf
2023-12-13 12:25:28 +0000  copying file ./assets/node_modules/@expo/vector-icons/build/vendor/react-native-vector-icons/Fonts/Ionicons.ttf ... 
2023-12-13 12:25:28 +0000  247192 bytes for ./assets/node_modules/@expo/vector-icons/build/vendor/react-native-vector-icons/Fonts/Ionicons.ttf
2023-12-13 12:25:28 +0000  copying file ./assets/node_modules/@expo/vector-icons/build/vendor/react-native-vector-icons/Fonts/FontAwesome5_Solid.ttf ... 
2023-12-13 12:25:28 +0000  202744 bytes for ./assets/node_modules/@expo/vector-icons/build/vendor/react-native-vector-icons/Fonts/FontAwesome5_Solid.ttf
2023-12-13 12:25:28 +0000  copying file ./assets/node_modules/@expo/vector-icons/build/vendor/react-native-vector-icons/Fonts/FontAwesome5_Regular.ttf ... 
2023-12-13 12:25:28 +0000  33736 bytes for ./assets/node_modules/@expo/vector-icons/build/vendor/react-native-vector-icons/Fonts/FontAwesome5_Regular.ttf
2023-12-13 12:25:28 +0000  copying file ./assets/node_modules/@expo/vector-icons/build/vendor/react-native-vector-icons/Fonts/FontAwesome.ttf ... 
2023-12-13 12:25:28 +0000  165548 bytes for ./assets/node_modules/@expo/vector-icons/build/vendor/react-native-vector-icons/Fonts/FontAwesome.ttf
2023-12-13 12:25:28 +0000  copying file ./assets/node_modules/@expo/vector-icons/build/vendor/react-native-vector-icons/Fonts/Zocial.ttf ... 
2023-12-13 12:25:28 +0000  25788 bytes for ./assets/node_modules/@expo/vector-icons/build/vendor/react-native-vector-icons/Fonts/Zocial.ttf
2023-12-13 12:25:28 +0000  copying file ./assets/node_modules/@expo/vector-icons/build/vendor/react-native-vector-icons/Fonts/EvilIcons.ttf ... 
2023-12-13 12:25:28 +0000  13456 bytes for ./assets/node_modules/@expo/vector-icons/build/vendor/react-native-vector-icons/Fonts/EvilIcons.ttf
2023-12-13 12:25:28 +0000  copying file ./assets/node_modules/@expo/vector-icons/build/vendor/react-native-vector-icons/Fonts/SimpleLineIcons.ttf ... 
2023-12-13 12:25:28 +0000  54056 bytes for ./assets/node_modules/@expo/vector-icons/build/vendor/react-native-vector-icons/Fonts/SimpleLineIcons.ttf
2023-12-13 12:25:28 +0000  copying file ./assets/node_modules/@expo/vector-icons/build/vendor/react-native-vector-icons/Fonts/MaterialIcons.ttf ... 
2023-12-13 12:25:28 +0000  230384 bytes for ./assets/node_modules/@expo/vector-icons/build/vendor/react-native-vector-icons/Fonts/MaterialIcons.ttf
2023-12-13 12:25:28 +0000  copying file ./assets/node_modules/expo-router/assets/pkg.png ... 
2023-12-13 12:25:28 +0000  429 bytes for ./assets/node_modules/expo-router/assets/pkg.png
2023-12-13 12:25:28 +0000  copying file ./assets/node_modules/expo-router/assets/file.png ... 
2023-12-13 12:25:28 +0000  158 bytes for ./assets/node_modules/expo-router/assets/file.png
2023-12-13 12:25:28 +0000  copying file ./assets/node_modules/expo-router/assets/forward.png ... 
2023-12-13 12:25:28 +0000  250 bytes for ./assets/node_modules/expo-router/assets/forward.png
2023-12-13 12:25:28 +0000  copying file ./assets/node_modules/expo-router/assets/error.png ... 
2023-12-13 12:25:28 +0000  516 bytes for ./assets/node_modules/expo-router/assets/error.png
2023-12-13 12:25:28 +0000  copying file ./assets/assets/fonts/SpaceMono-Regular.ttf ... 
2023-12-13 12:25:28 +0000  93252 bytes for ./assets/assets/fonts/SpaceMono-Regular.ttf
2023-12-13 12:25:28 +0000  copying file ./Info.plist ... 
2023-12-13 12:25:28 +0000  1842 bytes for ./Info.plist
2023-12-13 12:25:28 +0000  copying file ./Expo.plist ... 
2023-12-13 12:25:28 +0000  226 bytes for ./Expo.plist
2023-12-13 12:25:28 +0000  copying file ./PkgInfo ... 
2023-12-13 12:25:28 +0000  8 bytes for ./PkgInfo
2023-12-13 12:25:28 +0000  /usr/bin/ditto exited with 0
2023-12-13 12:25:28 +0000  Processing step: IDEDistributionEmbedProfileStep
2023-12-13 12:25:28 +0000  Skipping profile for item: <IDEDistributionItem: 0x60001aba9da0; bundleID='com.apple.dt.runtime.swiftConcurrency', path='<DVTFilePath:0x60000e025980:'/Users/ben/Library/Developer/Xcode/Archives/2023-12-13/edfcrypto 13-12-2023, 12.25.xcarchive/Products/Applications/edfcrypto.app/Frameworks/libswift_Concurrency.dylib'>', codeSigningInfo='<_DVTCodeSigningInformation_Path: 0x60001adbcbe0; isSigned='1', isAdHocSigned='0', signingCertificate='<DVTSigningCertificate: 0x600007b321c0; name='Apple Development: Benjamin Watts (RHM35M92GB)', hash='8867078A011276E068D80DFBB19099F72F4629AC', serialNumber='606B00B83DDDD69CCE83419A560C951D', certificateKinds='(
    "1.2.840.113635.100.6.1.12",
    "1.2.840.113635.100.6.1.2"
), issueDate='2023-11-10 11:16:04 +0000''>', entitlements='(null)', teamID='V2KVDPDMA9', identifier='com.apple.dt.runtime.swiftConcurrency', executablePath='<DVTFilePath:0x60000e025980:'/Users/ben/Library/Developer/Xcode/Archives/2023-12-13/edfcrypto 13-12-2023, 12.25.xcarchive/Products/Applications/edfcrypto.app/Frameworks/libswift_Concurrency.dylib'>', hardenedRuntime='0'>'>
2023-12-13 12:25:28 +0000  Processing step: IDEDistributionInfoPlistStep
2023-12-13 12:25:28 +0000  Skipping step: IDEDistributionInfoPlistStep because it said so
2023-12-13 12:25:28 +0000  Skipping step: IDEDistributionInfoPlistStep because it said so
2023-12-13 12:25:28 +0000  Processing step: IDEDistributionAppThinningPlistStep
2023-12-13 12:25:28 +0000  Skipping step: IDEDistributionAppThinningPlistStep because it said so
2023-12-13 12:25:28 +0000  Processing step: IDEDistributionCompileBitcodeStep
2023-12-13 12:25:28 +0000  Skipping step: IDEDistributionCompileBitcodeStep because it said so
2023-12-13 12:25:28 +0000  Processing step: IDEDistributionCodeSlimmingStep
2023-12-13 12:25:28 +0000  Processing step: IDEDistributionCopyBCSymbolMapsStep
2023-12-13 12:25:28 +0000  Skipping step: IDEDistributionCopyBCSymbolMapsStep because it said so
2023-12-13 12:25:28 +0000  Skipping step: IDEDistributionCopyBCSymbolMapsStep because it said so
2023-12-13 12:25:28 +0000  Processing step: IDEDistributionSymbolsStep
2023-12-13 12:25:28 +0000  Skipping step: IDEDistributionSymbolsStep because it said so
2023-12-13 12:25:28 +0000  Skipping step: IDEDistributionSymbolsStep because it said so
2023-12-13 12:25:28 +0000  Processing step: IDEDistributionAppThinningStep
2023-12-13 12:25:28 +0000  Skipping step: IDEDistributionAppThinningStep because it said so
2023-12-13 12:25:28 +0000  Processing step: IDEDistributionArchThinningStep
2023-12-13 12:25:28 +0000  Running /Applications/Xcode.app/Contents/Developer/Toolchains/XcodeDefault.xctoolchain/usr/bin/lipo '/var/folders/f5/pbrdnttd0fn_xhsrms3qx4mr0000gn/T/XcodeDistPipeline.~~~MAPVDL/Root/Payload/edfcrypto.app/Frameworks/libswift_Concurrency.dylib' '-verify_arch' 'arm64e'
2023-12-13 12:25:28 +0000  /Applications/Xcode.app/Contents/Developer/Toolchains/XcodeDefault.xctoolchain/usr/bin/lipo exited with 1
2023-12-13 12:25:28 +0000  Skipping architecture thinning for item "libswift_Concurrency.dylib" because arch "arm64e" wasn't found
2023-12-13 12:25:28 +0000  Running /Applications/Xcode.app/Contents/Developer/Toolchains/XcodeDefault.xctoolchain/usr/bin/lipo '/var/folders/f5/pbrdnttd0fn_xhsrms3qx4mr0000gn/T/XcodeDistPipeline.~~~MAPVDL/Root/Payload/edfcrypto.app/edfcrypto' '-verify_arch' 'arm64e'
2023-12-13 12:25:28 +0000  /Applications/Xcode.app/Contents/Developer/Toolchains/XcodeDefault.xctoolchain/usr/bin/lipo exited with 1
2023-12-13 12:25:28 +0000  Skipping architecture thinning for item "edfcrypto" because arch "arm64e" wasn't found
2023-12-13 12:25:28 +0000  Processing step: IDEDistributionODRStep
2023-12-13 12:25:28 +0000  Processing step: IDEDistributionStripXattrsStep
2023-12-13 12:25:28 +0000  Skipping stripping extended attributes because the codesign step will strip them.
2023-12-13 12:25:28 +0000  Skipping stripping extended attributes because the codesign step will strip them.
2023-12-13 12:25:28 +0000  Processing step: IDEDistributionCodesignStep
2023-12-13 12:25:28 +0000  Entitlements for <IDEDistributionItem: 0x60001aba9da0; bundleID='com.apple.dt.runtime.swiftConcurrency', path='<DVTFilePath:0x60000e025980:'/Users/ben/Library/Developer/Xcode/Archives/2023-12-13/edfcrypto 13-12-2023, 12.25.xcarchive/Products/Applications/edfcrypto.app/Frameworks/libswift_Concurrency.dylib'>', codeSigningInfo='<_DVTCodeSigningInformation_Path: 0x60001adbcbe0; isSigned='1', isAdHocSigned='0', signingCertificate='<DVTSigningCertificate: 0x600007b321c0; name='Apple Development: Benjamin Watts (RHM35M92GB)', hash='8867078A011276E068D80DFBB19099F72F4629AC', serialNumber='606B00B83DDDD69CCE83419A560C951D', certificateKinds='(
    "1.2.840.113635.100.6.1.12",
    "1.2.840.113635.100.6.1.2"
), issueDate='2023-11-10 11:16:04 +0000''>', entitlements='(null)', teamID='V2KVDPDMA9', identifier='com.apple.dt.runtime.swiftConcurrency', executablePath='<DVTFilePath:0x60000e025980:'/Users/ben/Library/Developer/Xcode/Archives/2023-12-13/edfcrypto 13-12-2023, 12.25.xcarchive/Products/Applications/edfcrypto.app/Frameworks/libswift_Concurrency.dylib'>', hardenedRuntime='0'>'>: {
}
2023-12-13 12:25:28 +0000  Associated App Clip Identifiers Filter: Skipping because "com.apple.developer.associated-appclip-app-identifiers" is not present
2023-12-13 12:25:28 +0000  Entitlements for <IDEDistributionItem: 0x60001aba9da0; bundleID='com.apple.dt.runtime.swiftConcurrency', path='<DVTFilePath:0x60000e025980:'/Users/ben/Library/Developer/Xcode/Archives/2023-12-13/edfcrypto 13-12-2023, 12.25.xcarchive/Products/Applications/edfcrypto.app/Frameworks/libswift_Concurrency.dylib'>', codeSigningInfo='<_DVTCodeSigningInformation_Path: 0x60001adbcbe0; isSigned='1', isAdHocSigned='0', signingCertificate='<DVTSigningCertificate: 0x600007b30cc0; name='Apple Development: Benjamin Watts (RHM35M92GB)', hash='8867078A011276E068D80DFBB19099F72F4629AC', serialNumber='606B00B83DDDD69CCE83419A560C951D', certificateKinds='(
    "1.2.840.113635.100.6.1.12",
    "1.2.840.113635.100.6.1.2"
), issueDate='2023-11-10 11:16:04 +0000''>', entitlements='(null)', teamID='V2KVDPDMA9', identifier='com.apple.dt.runtime.swiftConcurrency', executablePath='<DVTFilePath:0x60000e025980:'/Users/ben/Library/Developer/Xcode/Archives/2023-12-13/edfcrypto 13-12-2023, 12.25.xcarchive/Products/Applications/edfcrypto.app/Frameworks/libswift_Concurrency.dylib'>', hardenedRuntime='0'>'> are: {
}
2023-12-13 12:25:28 +0000  Writing entitlements for <IDEDistributionItem: 0x60001aba9da0; bundleID='com.apple.dt.runtime.swiftConcurrency', path='<DVTFilePath:0x60000e025980:'/Users/ben/Library/Developer/Xcode/Archives/2023-12-13/edfcrypto 13-12-2023, 12.25.xcarchive/Products/Applications/edfcrypto.app/Frameworks/libswift_Concurrency.dylib'>', codeSigningInfo='<_DVTCodeSigningInformation_Path: 0x60001adbcbe0; isSigned='1', isAdHocSigned='0', signingCertificate='<DVTSigningCertificate: 0x600007b32e80; name='Apple Development: Benjamin Watts (RHM35M92GB)', hash='8867078A011276E068D80DFBB19099F72F4629AC', serialNumber='606B00B83DDDD69CCE83419A560C951D', certificateKinds='(
    "1.2.840.113635.100.6.1.12",
    "1.2.840.113635.100.6.1.2"
), issueDate='2023-11-10 11:16:04 +0000''>', entitlements='(null)', teamID='V2KVDPDMA9', identifier='com.apple.dt.runtime.swiftConcurrency', executablePath='<DVTFilePath:0x60000e025980:'/Users/ben/Library/Developer/Xcode/Archives/2023-12-13/edfcrypto 13-12-2023, 12.25.xcarchive/Products/Applications/edfcrypto.app/Frameworks/libswift_Concurrency.dylib'>', hardenedRuntime='0'>'> to: /var/folders/f5/pbrdnttd0fn_xhsrms3qx4mr0000gn/T/XcodeDistPipeline.~~~MAPVDL/entitlements~~~oYe4DD
2023-12-13 12:25:28 +0000  Running /usr/bin/codesign '-vvv' '--force' '--sign' '8867078A011276E068D80DFBB19099F72F4629AC' '--entitlements' '/var/folders/f5/pbrdnttd0fn_xhsrms3qx4mr0000gn/T/XcodeDistPipeline.~~~MAPVDL/entitlements~~~oYe4DD' '--generate-entitlement-der' '--preserve-metadata=identifier,flags,runtime' '/var/folders/f5/pbrdnttd0fn_xhsrms3qx4mr0000gn/T/XcodeDistPipeline.~~~MAPVDL/Root/Payload/edfcrypto.app/Frameworks/libswift_Concurrency.dylib'
2023-12-13 12:25:28 +0000  /var/folders/f5/pbrdnttd0fn_xhsrms3qx4mr0000gn/T/XcodeDistPipeline.~~~MAPVDL/Root/Payload/edfcrypto.app/Frameworks/libswift_Concurrency.dylib: replacing existing signature
2023-12-13 12:25:28 +0000  /var/folders/f5/pbrdnttd0fn_xhsrms3qx4mr0000gn/T/XcodeDistPipeline.~~~MAPVDL/Root/Payload/edfcrypto.app/Frameworks/libswift_Concurrency.dylib: signed Mach-O thin (arm64) [com.apple.dt.runtime.swiftConcurrency]
2023-12-13 12:25:28 +0000  /usr/bin/codesign exited with 0
2023-12-13 12:25:28 +0000  Entitlements for <IDEDistributionItem: 0x60001aba3600; bundleID='com.benjaminwatts.edfcrypto', path='<DVTFilePath:0x6000127adf10:'/Users/ben/Library/Developer/Xcode/Archives/2023-12-13/edfcrypto 13-12-2023, 12.25.xcarchive/Products/Applications/edfcrypto.app'>', codeSigningInfo='<_DVTCodeSigningInformation_Path: 0x60001ad852c0; isSigned='1', isAdHocSigned='0', signingCertificate='<DVTSigningCertificate: 0x60000fb4c780; name='Apple Development: Benjamin Watts (RHM35M92GB)', hash='8867078A011276E068D80DFBB19099F72F4629AC', serialNumber='606B00B83DDDD69CCE83419A560C951D', certificateKinds='(
    "1.2.840.113635.100.6.1.12",
    "1.2.840.113635.100.6.1.2"
), issueDate='2023-11-10 11:16:04 +0000''>', entitlements='{
    "application-identifier" = "V2KVDPDMA9.com.benjaminwatts.edfcrypto";
    "aps-environment" = development;
    "com.apple.developer.team-identifier" = V2KVDPDMA9;
    "get-task-allow" = 1;
}', teamID='V2KVDPDMA9', identifier='com.benjaminwatts.edfcrypto', executablePath='<DVTFilePath:0x600016571340:'/Users/ben/Library/Developer/Xcode/Archives/2023-12-13/edfcrypto 13-12-2023, 12.25.xcarchive/Products/Applications/edfcrypto.app/edfcrypto'>', hardenedRuntime='0'>'>: {
    "application-identifier" = "V2KVDPDMA9.com.benjaminwatts.edfcrypto";
    "aps-environment" = development;
    "com.apple.developer.team-identifier" = V2KVDPDMA9;
    "get-task-allow" = 1;
}
2023-12-13 12:25:28 +0000  Associated App Clip Identifiers Filter: Skipping because "com.apple.developer.associated-appclip-app-identifiers" is not present
2023-12-13 12:25:28 +0000  Entitlements for <IDEDistributionItem: 0x60001aba3600; bundleID='com.benjaminwatts.edfcrypto', path='<DVTFilePath:0x6000127adf10:'/Users/ben/Library/Developer/Xcode/Archives/2023-12-13/edfcrypto 13-12-2023, 12.25.xcarchive/Products/Applications/edfcrypto.app'>', codeSigningInfo='<_DVTCodeSigningInformation_Path: 0x60001ad852c0; isSigned='1', isAdHocSigned='0', signingCertificate='<DVTSigningCertificate: 0x60000fb4cc00; name='Apple Development: Benjamin Watts (RHM35M92GB)', hash='8867078A011276E068D80DFBB19099F72F4629AC', serialNumber='606B00B83DDDD69CCE83419A560C951D', certificateKinds='(
    "1.2.840.113635.100.6.1.12",
    "1.2.840.113635.100.6.1.2"
), issueDate='2023-11-10 11:16:04 +0000''>', entitlements='{
    "application-identifier" = "V2KVDPDMA9.com.benjaminwatts.edfcrypto";
    "aps-environment" = development;
    "com.apple.developer.team-identifier" = V2KVDPDMA9;
    "get-task-allow" = 1;
}', teamID='V2KVDPDMA9', identifier='com.benjaminwatts.edfcrypto', executablePath='<DVTFilePath:0x600016571340:'/Users/ben/Library/Developer/Xcode/Archives/2023-12-13/edfcrypto 13-12-2023, 12.25.xcarchive/Products/Applications/edfcrypto.app/edfcrypto'>', hardenedRuntime='0'>'> are: {
    "application-identifier" = "V2KVDPDMA9.com.benjaminwatts.edfcrypto";
    "aps-environment" = development;
    "com.apple.developer.team-identifier" = V2KVDPDMA9;
    "get-task-allow" = 1;
}
2023-12-13 12:25:28 +0000  Writing entitlements for <IDEDistributionItem: 0x60001aba3600; bundleID='com.benjaminwatts.edfcrypto', path='<DVTFilePath:0x6000127adf10:'/Users/ben/Library/Developer/Xcode/Archives/2023-12-13/edfcrypto 13-12-2023, 12.25.xcarchive/Products/Applications/edfcrypto.app'>', codeSigningInfo='<_DVTCodeSigningInformation_Path: 0x60001ad852c0; isSigned='1', isAdHocSigned='0', signingCertificate='<DVTSigningCertificate: 0x60000fb4d2c0; name='Apple Development: Benjamin Watts (RHM35M92GB)', hash='8867078A011276E068D80DFBB19099F72F4629AC', serialNumber='606B00B83DDDD69CCE83419A560C951D', certificateKinds='(
    "1.2.840.113635.100.6.1.12",
    "1.2.840.113635.100.6.1.2"
), issueDate='2023-11-10 11:16:04 +0000''>', entitlements='{
    "application-identifier" = "V2KVDPDMA9.com.benjaminwatts.edfcrypto";
    "aps-environment" = development;
    "com.apple.developer.team-identifier" = V2KVDPDMA9;
    "get-task-allow" = 1;
}', teamID='V2KVDPDMA9', identifier='com.benjaminwatts.edfcrypto', executablePath='<DVTFilePath:0x600016571340:'/Users/ben/Library/Developer/Xcode/Archives/2023-12-13/edfcrypto 13-12-2023, 12.25.xcarchive/Products/Applications/edfcrypto.app/edfcrypto'>', hardenedRuntime='0'>'> to: /var/folders/f5/pbrdnttd0fn_xhsrms3qx4mr0000gn/T/XcodeDistPipeline.~~~MAPVDL/entitlements~~~s4PsbG
2023-12-13 12:25:28 +0000  Running /usr/bin/codesign '-vvv' '--force' '--sign' '8867078A011276E068D80DFBB19099F72F4629AC' '--entitlements' '/var/folders/f5/pbrdnttd0fn_xhsrms3qx4mr0000gn/T/XcodeDistPipeline.~~~MAPVDL/entitlements~~~s4PsbG' '--generate-entitlement-der' '--preserve-metadata=identifier,flags,runtime' '/var/folders/f5/pbrdnttd0fn_xhsrms3qx4mr0000gn/T/XcodeDistPipeline.~~~MAPVDL/Root/Payload/edfcrypto.app'
2023-12-13 12:25:28 +0000  /var/folders/f5/pbrdnttd0fn_xhsrms3qx4mr0000gn/T/XcodeDistPipeline.~~~MAPVDL/Root/Payload/edfcrypto.app: replacing existing signature
2023-12-13 12:25:28 +0000  /var/folders/f5/pbrdnttd0fn_xhsrms3qx4mr0000gn/T/XcodeDistPipeline.~~~MAPVDL/Root/Payload/edfcrypto.app: signed app bundle with Mach-O thin (arm64) [com.benjaminwatts.edfcrypto]
2023-12-13 12:25:28 +0000  /usr/bin/codesign exited with 0
2023-12-13 12:25:28 +0000  Processing step: IDEDistributionZipODRItemStep
2023-12-13 12:25:28 +0000  Skipping step: IDEDistributionZipODRItemStep because it said so
2023-12-13 12:25:28 +0000  Skipping step: IDEDistributionZipODRItemStep because it said so
2023-12-13 12:25:28 +0000  Processing step: IDEDistributionCreateIPAStep
2023-12-13 12:25:28 +0000  Running /usr/bin/ditto '-V' '-c' '-k' '--norsrc' '/var/folders/f5/pbrdnttd0fn_xhsrms3qx4mr0000gn/T/XcodeDistPipeline.~~~MAPVDL/Root' '/var/folders/f5/pbrdnttd0fn_xhsrms3qx4mr0000gn/T/XcodeDistPipeline.~~~MAPVDL/Packages/edfcrypto.ipa'
2023-12-13 12:25:28 +0000  >>> Copying /var/folders/f5/pbrdnttd0fn_xhsrms3qx4mr0000gn/T/XcodeDistPipeline.~~~MAPVDL/Root 
2023-12-13 12:25:28 +0000  copying file ./Payload/edfcrypto.app/_CodeSignature/CodeResources ... 
2023-12-13 12:25:28 +0000  16918 bytes for ./Payload/edfcrypto.app/_CodeSignature/CodeResources
2023-12-13 12:25:28 +0000  copying file ./Payload/edfcrypto.app/SplashScreen.storyboardc/EXPO-VIEWCONTROLLER-1-view-EXPO-ContainerView.nib ... 
2023-12-13 12:25:28 +0000  2411 bytes for ./Payload/edfcrypto.app/SplashScreen.storyboardc/EXPO-VIEWCONTROLLER-1-view-EXPO-ContainerView.nib
2023-12-13 12:25:28 +0000  copying file ./Payload/edfcrypto.app/SplashScreen.storyboardc/SplashScreenViewController.nib ... 
2023-12-13 12:25:28 +0000  1004 bytes for ./Payload/edfcrypto.app/SplashScreen.storyboardc/SplashScreenViewController.nib
copying file ./Payload/edfcrypto.app/SplashScreen.storyboardc/Info.plist ... 
2023-12-13 12:25:28 +0000  225 bytes for ./Payload/edfcrypto.app/SplashScreen.storyboardc/Info.plist
copying file ./Payload/edfcrypto.app/AppIcon60x60@2x.png ... 
2023-12-13 12:25:28 +0000  5995 bytes for ./Payload/edfcrypto.app/AppIcon60x60@2x.png
2023-12-13 12:25:28 +0000  copying file ./Payload/edfcrypto.app/AccessibilityResources.bundle/en.lproj/Localizable.strings ... 
2023-12-13 12:25:28 +0000  518 bytes for ./Payload/edfcrypto.app/AccessibilityResources.bundle/en.lproj/Localizable.strings
2023-12-13 12:25:28 +0000  copying file ./Payload/edfcrypto.app/AccessibilityResources.bundle/Info.plist ... 
2023-12-13 12:25:28 +0000  794 bytes for ./Payload/edfcrypto.app/AccessibilityResources.bundle/Info.plist
copying file ./Payload/edfcrypto.app/Assets.car ... 
2023-12-13 12:25:28 +0000  167119 bytes for ./Payload/edfcrypto.app/Assets.car
2023-12-13 12:25:28 +0000  copying file ./Payload/edfcrypto.app/AppIcon76x76@2x~ipad.png ... 
2023-12-13 12:25:28 +0000  8073 bytes for ./Payload/edfcrypto.app/AppIcon76x76@2x~ipad.png
2023-12-13 12:25:28 +0000  copying file ./Payload/edfcrypto.app/main.jsbundle ... 
2023-12-13 12:25:28 +0000  3769406 bytes for ./Payload/edfcrypto.app/main.jsbundle
2023-12-13 12:25:28 +0000  copying file ./Payload/edfcrypto.app/EXConstants.bundle/app.config ... 
2023-12-13 12:25:28 +0000  735 bytes for ./Payload/edfcrypto.app/EXConstants.bundle/app.config
copying file ./Payload/edfcrypto.app/EXConstants.bundle/Info.plist ... 
2023-12-13 12:25:28 +0000  770 bytes for ./Payload/edfcrypto.app/EXConstants.bundle/Info.plist
2023-12-13 12:25:28 +0000  copying file ./Payload/edfcrypto.app/edfcrypto ... 
2023-12-13 12:25:28 +0000  4738704 bytes for ./Payload/edfcrypto.app/edfcrypto
2023-12-13 12:25:28 +0000  copying file ./Payload/edfcrypto.app/Frameworks/libswift_Concurrency.dylib ... 
2023-12-13 12:25:28 +0000  557936 bytes for ./Payload/edfcrypto.app/Frameworks/libswift_Concurrency.dylib
2023-12-13 12:25:28 +0000  copying file ./Payload/edfcrypto.app/embedded.mobileprovision ... 
2023-12-13 12:25:28 +0000  13163 bytes for ./Payload/edfcrypto.app/embedded.mobileprovision
2023-12-13 12:25:28 +0000  copying file ./Payload/edfcrypto.app/assets/node_modules/react-native-ratings/dist/images/bell.png ... 
2023-12-13 12:25:28 +0000  2989 bytes for ./Payload/edfcrypto.app/assets/node_modules/react-native-ratings/dist/images/bell.png
2023-12-13 12:25:28 +0000  copying file ./Payload/edfcrypto.app/assets/node_modules/react-native-ratings/dist/images/airbnb-star-selected.png ... 
2023-12-13 12:25:28 +0000  934 bytes for ./Payload/edfcrypto.app/assets/node_modules/react-native-ratings/dist/images/airbnb-star-selected.png
2023-12-13 12:25:28 +0000  copying file ./Payload/edfcrypto.app/assets/node_modules/react-native-ratings/dist/images/heart.png ... 
2023-12-13 12:25:28 +0000  1928 bytes for ./Payload/edfcrypto.app/assets/node_modules/react-native-ratings/dist/images/heart.png
2023-12-13 12:25:28 +0000  copying file ./Payload/edfcrypto.app/assets/node_modules/react-native-ratings/dist/images/airbnb-star.png ... 
2023-12-13 12:25:28 +0000  930 bytes for ./Payload/edfcrypto.app/assets/node_modules/react-native-ratings/dist/images/airbnb-star.png
2023-12-13 12:25:28 +0000  copying file ./Payload/edfcrypto.app/assets/node_modules/react-native-ratings/dist/images/rocket.png ... 
2023-12-13 12:25:28 +0000  4050 bytes for ./Payload/edfcrypto.app/assets/node_modules/react-native-ratings/dist/images/rocket.png
2023-12-13 12:25:28 +0000  copying file ./Payload/edfcrypto.app/assets/node_modules/react-native-ratings/dist/images/star.png ... 
2023-12-13 12:25:28 +0000  1961 bytes for ./Payload/edfcrypto.app/assets/node_modules/react-native-ratings/dist/images/star.png
2023-12-13 12:25:28 +0000  copying file ./Payload/edfcrypto.app/assets/node_modules/@react-navigation/elements/src/assets/back-icon@3x.png ... 
2023-12-13 12:25:28 +0000  761 bytes for ./Payload/edfcrypto.app/assets/node_modules/@react-navigation/elements/src/assets/back-icon@3x.png
2023-12-13 12:25:28 +0000  copying file ./Payload/edfcrypto.app/assets/node_modules/@react-navigation/elements/src/assets/back-icon@2x.png ... 
2023-12-13 12:25:28 +0000  405 bytes for ./Payload/edfcrypto.app/assets/node_modules/@react-navigation/elements/src/assets/back-icon@2x.png
2023-12-13 12:25:28 +0000  copying file ./Payload/edfcrypto.app/assets/node_modules/@react-navigation/elements/src/assets/back-icon.png ... 
2023-12-13 12:25:28 +0000  290 bytes for ./Payload/edfcrypto.app/assets/node_modules/@react-navigation/elements/src/assets/back-icon.png
copying file ./Payload/edfcrypto.app/assets/node_modules/@react-navigation/elements/src/assets/back-icon-mask.png ... 
2023-12-13 12:25:28 +0000  913 bytes for ./Payload/edfcrypto.app/assets/node_modules/@react-navigation/elements/src/assets/back-icon-mask.png
2023-12-13 12:25:28 +0000  copying file ./Payload/edfcrypto.app/assets/node_modules/@expo/metro-runtime/assets/loader.png ... 
2023-12-13 12:25:28 +0000  282 bytes for ./Payload/edfcrypto.app/assets/node_modules/@expo/metro-runtime/assets/loader.png
2023-12-13 12:25:28 +0000  copying file ./Payload/edfcrypto.app/assets/node_modules/@expo/metro-runtime/assets/alert-triangle.png ... 
2023-12-13 12:25:28 +0000  609 bytes for ./Payload/edfcrypto.app/assets/node_modules/@expo/metro-runtime/assets/alert-triangle.png
2023-12-13 12:25:28 +0000  copying file ./Payload/edfcrypto.app/assets/node_modules/@expo/vector-icons/build/vendor/react-native-vector-icons/Fonts/Fontisto.ttf ... 
2023-12-13 12:25:28 +0000  313528 bytes for ./Payload/edfcrypto.app/assets/node_modules/@expo/vector-icons/build/vendor/react-native-vector-icons/Fonts/Fontisto.ttf
2023-12-13 12:25:28 +0000  copying file ./Payload/edfcrypto.app/assets/node_modules/@expo/vector-icons/build/vendor/react-native-vector-icons/Fonts/Octicons.ttf ... 
2023-12-13 12:25:28 +0000  49404 bytes for ./Payload/edfcrypto.app/assets/node_modules/@expo/vector-icons/build/vendor/react-native-vector-icons/Fonts/Octicons.ttf
2023-12-13 12:25:28 +0000  copying file ./Payload/edfcrypto.app/assets/node_modules/@expo/vector-icons/build/vendor/react-native-vector-icons/Fonts/Feather.ttf ... 
2023-12-13 12:25:28 +0000  56228 bytes for ./Payload/edfcrypto.app/assets/node_modules/@expo/vector-icons/build/vendor/react-native-vector-icons/Fonts/Feather.ttf
2023-12-13 12:25:28 +0000  copying file ./Payload/edfcrypto.app/assets/node_modules/@expo/vector-icons/build/vendor/react-native-vector-icons/Fonts/Entypo.ttf ... 
2023-12-13 12:25:28 +0000  66200 bytes for ./Payload/edfcrypto.app/assets/node_modules/@expo/vector-icons/build/vendor/react-native-vector-icons/Fonts/Entypo.ttf
2023-12-13 12:25:28 +0000  copying file ./Payload/edfcrypto.app/assets/node_modules/@expo/vector-icons/build/vendor/react-native-vector-icons/Fonts/FontAwesome5_Brands.ttf ... 
2023-12-13 12:25:28 +0000  134040 bytes for ./Payload/edfcrypto.app/assets/node_modules/@expo/vector-icons/build/vendor/react-native-vector-icons/Fonts/FontAwesome5_Brands.ttf
2023-12-13 12:25:28 +0000  copying file ./Payload/edfcrypto.app/assets/node_modules/@expo/vector-icons/build/vendor/react-native-vector-icons/Fonts/MaterialCommunityIcons.ttf ... 
2023-12-13 12:25:28 +0000  1147844 bytes for ./Payload/edfcrypto.app/assets/node_modules/@expo/vector-icons/build/vendor/react-native-vector-icons/Fonts/MaterialCommunityIcons.ttf
2023-12-13 12:25:28 +0000  copying file ./Payload/edfcrypto.app/assets/node_modules/@expo/vector-icons/build/vendor/react-native-vector-icons/Fonts/AntDesign.ttf ... 
2023-12-13 12:25:28 +0000  70344 bytes for ./Payload/edfcrypto.app/assets/node_modules/@expo/vector-icons/build/vendor/react-native-vector-icons/Fonts/AntDesign.ttf
2023-12-13 12:25:28 +0000  copying file ./Payload/edfcrypto.app/assets/node_modules/@expo/vector-icons/build/vendor/react-native-vector-icons/Fonts/Foundation.ttf ... 
2023-12-13 12:25:28 +0000  56976 bytes for ./Payload/edfcrypto.app/assets/node_modules/@expo/vector-icons/build/vendor/react-native-vector-icons/Fonts/Foundation.ttf
2023-12-13 12:25:28 +0000  copying file ./Payload/edfcrypto.app/assets/node_modules/@expo/vector-icons/build/vendor/react-native-vector-icons/Fonts/Ionicons.ttf ... 
2023-12-13 12:25:28 +0000  247192 bytes for ./Payload/edfcrypto.app/assets/node_modules/@expo/vector-icons/build/vendor/react-native-vector-icons/Fonts/Ionicons.ttf
2023-12-13 12:25:28 +0000  copying file ./Payload/edfcrypto.app/assets/node_modules/@expo/vector-icons/build/vendor/react-native-vector-icons/Fonts/FontAwesome5_Solid.ttf ... 
2023-12-13 12:25:28 +0000  202744 bytes for ./Payload/edfcrypto.app/assets/node_modules/@expo/vector-icons/build/vendor/react-native-vector-icons/Fonts/FontAwesome5_Solid.ttf
2023-12-13 12:25:28 +0000  copying file ./Payload/edfcrypto.app/assets/node_modules/@expo/vector-icons/build/vendor/react-native-vector-icons/Fonts/FontAwesome5_Regular.ttf ... 
2023-12-13 12:25:28 +0000  33736 bytes for ./Payload/edfcrypto.app/assets/node_modules/@expo/vector-icons/build/vendor/react-native-vector-icons/Fonts/FontAwesome5_Regular.ttf
2023-12-13 12:25:28 +0000  copying file ./Payload/edfcrypto.app/assets/node_modules/@expo/vector-icons/build/vendor/react-native-vector-icons/Fonts/FontAwesome.ttf ... 
2023-12-13 12:25:28 +0000  165548 bytes for ./Payload/edfcrypto.app/assets/node_modules/@expo/vector-icons/build/vendor/react-native-vector-icons/Fonts/FontAwesome.ttf
2023-12-13 12:25:28 +0000  copying file ./Payload/edfcrypto.app/assets/node_modules/@expo/vector-icons/build/vendor/react-native-vector-icons/Fonts/Zocial.ttf ... 
2023-12-13 12:25:28 +0000  25788 bytes for ./Payload/edfcrypto.app/assets/node_modules/@expo/vector-icons/build/vendor/react-native-vector-icons/Fonts/Zocial.ttf
2023-12-13 12:25:28 +0000  copying file ./Payload/edfcrypto.app/assets/node_modules/@expo/vector-icons/build/vendor/react-native-vector-icons/Fonts/EvilIcons.ttf ... 
2023-12-13 12:25:28 +0000  13456 bytes for ./Payload/edfcrypto.app/assets/node_modules/@expo/vector-icons/build/vendor/react-native-vector-icons/Fonts/EvilIcons.ttf
2023-12-13 12:25:28 +0000  copying file ./Payload/edfcrypto.app/assets/node_modules/@expo/vector-icons/build/vendor/react-native-vector-icons/Fonts/SimpleLineIcons.ttf ... 
2023-12-13 12:25:28 +0000  54056 bytes for ./Payload/edfcrypto.app/assets/node_modules/@expo/vector-icons/build/vendor/react-native-vector-icons/Fonts/SimpleLineIcons.ttf
2023-12-13 12:25:28 +0000  copying file ./Payload/edfcrypto.app/assets/node_modules/@expo/vector-icons/build/vendor/react-native-vector-icons/Fonts/MaterialIcons.ttf ... 
2023-12-13 12:25:28 +0000  230384 bytes for ./Payload/edfcrypto.app/assets/node_modules/@expo/vector-icons/build/vendor/react-native-vector-icons/Fonts/MaterialIcons.ttf
2023-12-13 12:25:28 +0000  copying file ./Payload/edfcrypto.app/assets/node_modules/expo-router/assets/pkg.png ... 
2023-12-13 12:25:28 +0000  429 bytes for ./Payload/edfcrypto.app/assets/node_modules/expo-router/assets/pkg.png
2023-12-13 12:25:28 +0000  copying file ./Payload/edfcrypto.app/assets/node_modules/expo-router/assets/file.png ... 
2023-12-13 12:25:28 +0000  158 bytes for ./Payload/edfcrypto.app/assets/node_modules/expo-router/assets/file.png
copying file ./Payload/edfcrypto.app/assets/node_modules/expo-router/assets/forward.png ... 
2023-12-13 12:25:28 +0000  250 bytes for ./Payload/edfcrypto.app/assets/node_modules/expo-router/assets/forward.png
copying file ./Payload/edfcrypto.app/assets/node_modules/expo-router/assets/error.png ... 
2023-12-13 12:25:28 +0000  516 bytes for ./Payload/edfcrypto.app/assets/node_modules/expo-router/assets/error.png
2023-12-13 12:25:28 +0000  copying file ./Payload/edfcrypto.app/assets/assets/fonts/SpaceMono-Regular.ttf ... 
2023-12-13 12:25:28 +0000  93252 bytes for ./Payload/edfcrypto.app/assets/assets/fonts/SpaceMono-Regular.ttf
2023-12-13 12:25:28 +0000  copying file ./Payload/edfcrypto.app/Info.plist ... 
2023-12-13 12:25:28 +0000  1842 bytes for ./Payload/edfcrypto.app/Info.plist
2023-12-13 12:25:28 +0000  copying file ./Payload/edfcrypto.app/Expo.plist ... 
2023-12-13 12:25:28 +0000  226 bytes for ./Payload/edfcrypto.app/Expo.plist
copying file ./Payload/edfcrypto.app/PkgInfo ... 
8 bytes for ./Payload/edfcrypto.app/PkgInfo
2023-12-13 12:25:28 +0000  /usr/bin/ditto exited with 0
2023-12-13 12:25:28 +0000  Processing step: IDEDistributionAppStoreInformationStep
2023-12-13 12:25:28 +0000  Skipping step: IDEDistributionAppStoreInformationStep because it said so
2023-12-13 12:25:28 +0000  Processing step: IDEDistributionGenerateProcessedDistributionItems
2023-12-13 12:25:28 +0000  IDEDistributionItem init <DVTFilePath:0x60000e051b80:'/var/folders/f5/pbrdnttd0fn_xhsrms3qx4mr0000gn/T/XcodeDistPipeline.~~~MAPVDL/Root/Payload/edfcrypto.app/Frameworks/libswift_Concurrency.dylib'>
2023-12-13 12:25:28 +0000  [OPTIONAL] Can't have a profile, not a bundle at <DVTFilePath:0x60000e051b80:'/var/folders/f5/pbrdnttd0fn_xhsrms3qx4mr0000gn/T/XcodeDistPipeline.~~~MAPVDL/Root/Payload/edfcrypto.app/Frameworks/libswift_Concurrency.dylib'>
2023-12-13 12:25:28 +0000  IDEDistributionItem init <DVTFilePath:0x600016562680:'/var/folders/f5/pbrdnttd0fn_xhsrms3qx4mr0000gn/T/XcodeDistPipeline.~~~MAPVDL/Root/Payload/edfcrypto.app'>
2023-12-13 12:25:28 +0000  Processing step: IDEDistributionCreateManifestStep
